presentation/build/intermediates/manifest_merge_blame_file/debug/processDebugManifest/manifest-merger-blame-debug-report.txt
1<?xml version="1.0" encoding="utf-8"?>
2<manifest xmlns:android="http://schemas.android.com/apk/res/android"
3    package="com.dbng.presentation" >
4
5    <uses-sdk android:minSdkVersion="24" />
6
7    <application
7-->src/main/AndroidManifest.xml:4:5-22:19
8        android:allowBackup="true"
8-->src/main/AndroidManifest.xml:5:9-35
9        android:icon="@mipmap/ic_launcher"
9-->src/main/AndroidManifest.xml:6:9-43
10        android:label="@string/app_name"
10-->src/main/AndroidManifest.xml:7:9-41
11        android:roundIcon="@mipmap/ic_launcher_round"
11-->src/main/AndroidManifest.xml:8:9-54
12        android:supportsRtl="true"
12-->src/main/AndroidManifest.xml:9:9-35
13        android:theme="@style/Theme.TastyRecipesApp" >
13-->src/main/AndroidManifest.xml:10:9-53
14        <activity
14-->src/main/AndroidManifest.xml:11:9-21:20
15            android:name="com.dbng.presentation.MainActivity"
15-->src/main/AndroidManifest.xml:12:13-41
16            android:exported="true"
16-->src/main/AndroidManifest.xml:13:13-36
17            android:label="@string/app_name"
17-->src/main/AndroidManifest.xml:14:13-45
18            android:theme="@style/Theme.TastyRecipesApp" >
18-->src/main/AndroidManifest.xml:15:13-57
19            <intent-filter>
19-->src/main/AndroidManifest.xml:16:13-20:29
20                <action android:name="android.intent.action.MAIN" />
20-->src/main/AndroidManifest.xml:17:17-69
20-->src/main/AndroidManifest.xml:17:25-66
21
22                <category android:name="android.intent.category.LAUNCHER" />
22-->src/main/AndroidManifest.xml:19:17-77
22-->src/main/AndroidManifest.xml:19:27-74
23            </intent-filter>
24        </activity>
25    </application>
26
27</manifest>